<?xml version="1.0" encoding="UTF-8"?>
<testsuite name="com.ait.qa34.LoginTests" tests="2" skipped="0" failures="0" errors="0" timestamp="2024-04-15T18:55:23" hostname="DESKTOP-PRAVRSQ" time="2.198">
  <properties/>
  <testcase name="loginNegativeTestWithOutEmail" classname="com.ait.qa34.LoginTests" time="1.046"/>
  <testcase name="loginPositiveTest" classname="com.ait.qa34.LoginTests" time="1.139"/>
  <system-out><![CDATA[20:55:07.777 [Test worker] INFO  com.ait.qa34.TestBase -- Start test loginNegativeTestWithOutEmailwith data:[]
20:55:24.374 [Test worker] INFO  com.ait.qa34.TestBase -- PASSED loginNegativeTestWithOutEmail
20:55:24.374 [Test worker] INFO  com.ait.qa34.TestBase -- Stop test
20:55:24.374 [Test worker] INFO  com.ait.qa34.TestBase -- =============================================
20:55:24.375 [Test worker] INFO  com.ait.qa34.TestBase -- Start test loginPositiveTestwith data:[]
20:55:25.527 [Test worker] INFO  com.ait.qa34.TestBase -- PASSED loginPositiveTest
20:55:25.527 [Test worker] INFO  com.ait.qa34.TestBase -- Stop test
20:55:25.528 [Test worker] INFO  com.ait.qa34.TestBase -- =============================================
]]></system-out>
  <system-err><![CDATA[]]></system-err>
</testsuite>
