<?xml version="1.0" encoding="UTF-8"?>
<testsuite name="com.ait.qa34.CreateAccountTest" tests="1" skipped="0" failures="0" errors="0" timestamp="2024-04-15T18:55:04" hostname="DESKTOP-PRAVRSQ" time="2.783">
  <properties/>
  <testcase name="createNewAccountPositivTest" classname="com.ait.qa34.CreateAccountTest" time="2.783"/>
  <system-out><![CDATA[20:54:49.463 [Test worker] INFO  com.ait.qa34.TestBase -- Start test createNewAccountPositivTestwith data:[]
true
20:55:07.767 [Test worker] INFO  com.ait.qa34.TestBase -- PASSED createNewAccountPositivTest
20:55:07.775 [Test worker] INFO  com.ait.qa34.TestBase -- Stop test
20:55:07.775 [Test worker] INFO  com.ait.qa34.TestBase -- =============================================
]]></system-out>
  <system-err><![CDATA[]]></system-err>
</testsuite>
